#
# There is insufficient memory for the Java Runtime Environment to continue.
# Native memory allocation (malloc) failed to allocate 1099216 bytes for Chunk::new
# Possible reasons:
#   The system is out of physical RAM or swap space
#   The process is running with CompressedOops enabled, and the Java Heap may be blocking the growth of the native heap
# Possible solutions:
#   Reduce memory load on the system
#   Increase physical memory or swap space
#   Check if swap backing store is full
#   Decrease Java heap size (-Xmx/-Xms)
#   Decrease number of Java threads
#   Decrease Java thread stack sizes (-Xss)
#   Set larger code cache with -XX:ReservedCodeCacheSize=
#   JVM is running with Unscaled Compressed Oops mode in which the Java heap is
#     placed in the first 4GB address space. The Java Heap base address is the
#     maximum limit for the native heap growth. Please use -XX:HeapBaseMinAddress
#     to set the Java Heap base and to place the Java Heap above 4GB virtual address.
# This output file may be truncated or incomplete.
#
#  Out of Memory Error (allocation.cpp:389), pid=11420, tid=0x000000000000284c
#
# JRE version: OpenJDK Runtime Environment (8.0_202-b03) (build 1.8.0_202-release-1483-b03)
# Java VM: OpenJDK 64-Bit Server VM (25.202-b03 mixed mode windows-amd64 compressed oops)
# Failed to write core dump. Minidumps are not enabled by default on client versions of Windows
#

---------------  T H R E A D  ---------------

Current thread (0x0000000015dd0800):  JavaThread "C2 CompilerThread0" daemon [_thread_in_native, id=10316, stack(0x0000000017430000,0x0000000017530000)]

Stack: [0x0000000017430000,0x0000000017530000]
[error occurred during error reporting (printing stack bounds), id 0xc0000005]

Native frames: (J=compiled Java code, j=interpreted, Vv=VM code, C=native code)


Current CompileTask:
C2:4163908 13198       4       org.objectweb.asm.ClassReader::accept (1251 bytes)


---------------  P R O C E S S  ---------------

Java Threads: ( => current thread )
  0x000000001be95800 JavaThread "File lock release action executor" [_thread_blocked, id=13776, stack(0x0000000026d90000,0x0000000026e90000)]
  0x000000001be99800 JavaThread "RMI TCP Connection(2)-127.0.0.1" daemon [_thread_in_native, id=4168, stack(0x0000000026c90000,0x0000000026d90000)]
  0x000000001be92800 JavaThread "RMI Reaper" [_thread_blocked, id=1988, stack(0x0000000026b90000,0x0000000026c90000)]
  0x000000001be98800 JavaThread "RMI TCP Accept-0" daemon [_thread_in_native, id=6740, stack(0x0000000026a90000,0x0000000026b90000)]
  0x000000001be98000 JavaThread "GC Daemon" daemon [_thread_blocked, id=6160, stack(0x0000000026490000,0x0000000026590000)]
  0x000000001be94000 JavaThread "RMI RenewClean-[127.0.0.1:17711,org.jetbrains.kotlin.daemon.common.LoopbackNetworkInterface$ClientLoopbackSocketFactory@7260d7aa]" daemon [_thread_blocked, id=5340, stack(0x0000000026290000,0x0000000026390000)]
  0x000000001be8b000 JavaThread "RMI Scheduler(0)" daemon [_thread_blocked, id=10836, stack(0x0000000025690000,0x0000000025790000)]
  0x000000001be93800 JavaThread "WorkerExecutor Queue Thread 5" [_thread_blocked, id=13612, stack(0x0000000026590000,0x0000000026690000)]
  0x000000001be8c000 JavaThread "stdout" [_thread_in_native, id=14228, stack(0x0000000026190000,0x0000000026290000)]
  0x000000001be92000 JavaThread "stderr" [_thread_in_native, id=4644, stack(0x0000000026090000,0x0000000026190000)]
  0x000000001be90800 JavaThread "stdout" [_thread_in_native, id=5256, stack(0x0000000025f90000,0x0000000026090000)]
  0x000000001be8a800 JavaThread "stderr" [_thread_in_native, id=1460, stack(0x0000000025e90000,0x0000000025f90000)]
  0x000000001be8f800 JavaThread "stdout" [_thread_in_native, id=13696, stack(0x0000000025d90000,0x0000000025e90000)]
  0x000000001be8f000 JavaThread "stderr" [_thread_in_native, id=8272, stack(0x0000000025c90000,0x0000000025d90000)]
  0x000000001be91000 JavaThread "stdout" [_thread_in_native, id=3492, stack(0x0000000025b90000,0x0000000025c90000)]
  0x0000000019a3b800 JavaThread "stderr" [_thread_in_native, id=11832, stack(0x0000000025a90000,0x0000000025b90000)]
  0x0000000019a3d000 JavaThread "pool-4-thread-1" [_thread_blocked, id=11872, stack(0x0000000025990000,0x0000000025a90000)]
  0x000000001c316000 JavaThread "WorkerExecutor Queue Thread 4" [_thread_blocked, id=13020, stack(0x0000000025890000,0x0000000025990000)]
  0x000000001c315800 JavaThread "WorkerExecutor Queue Thread 3" [_thread_blocked, id=14620, stack(0x0000000025790000,0x0000000025890000)]
  0x000000001c30e000 JavaThread "WorkerExecutor Queue" [_thread_blocked, id=13740, stack(0x0000000025590000,0x0000000025690000)]
  0x000000001c310000 JavaThread "Exec process Thread 6" [_thread_blocked, id=10236, stack(0x0000000025290000,0x0000000025390000)]
  0x000000001c30d000 JavaThread "Exec process Thread 5" [_thread_blocked, id=5756, stack(0x0000000025190000,0x0000000025290000)]
  0x000000001c314000 JavaThread "Exec process Thread 4" [_thread_blocked, id=10116, stack(0x0000000025090000,0x0000000025190000)]
  0x000000001c311800 JavaThread "Cache worker for execution history cache (C:\Estudos\Flutter\widget_tests\widget_tests\android\.gradle\5.6.2\executionHistory)" [_thread_blocked, id=12400, stack(0x0000000024f90000,0x0000000025090000)]
  0x000000001c30c800 JavaThread "Execution worker for ':' Thread 3" [_thread_blocked, id=15244, stack(0x0000000024090000,0x0000000024190000)]
  0x000000001c307000 JavaThread "Execution worker for ':' Thread 2" [_thread_in_Java, id=3196, stack(0x0000000023e60000,0x0000000023f60000)]
  0x000000001c30b000 JavaThread "Execution worker for ':'" [_thread_blocked, id=2676, stack(0x0000000022730000,0x0000000022830000)]
  0x000000001c30a000 JavaThread "Cache worker for file content cache (C:\Estudos\Flutter\widget_tests\widget_tests\android\.gradle\5.6.2\fileContent)" [_thread_blocked, id=14436, stack(0x0000000021b30000,0x0000000021c30000)]
  0x000000001c6a2000 JavaThread "Cache worker for Build Output Cleanup Cache (C:\Estudos\Flutter\widget_tests\widget_tests\android\.gradle\buildOutputCleanup)" [_thread_blocked, id=15104, stack(0x0000000021430000,0x0000000021530000)]
  0x000000001c69d800 JavaThread "Build operations Thread 4" [_thread_blocked, id=12104, stack(0x0000000021330000,0x0000000021430000)]
  0x000000001c6a0800 JavaThread "Build operations Thread 3" [_thread_blocked, id=10340, stack(0x0000000021230000,0x0000000021330000)]
  0x000000001c69e800 JavaThread "Build operations Thread 2" [_thread_blocked, id=12496, stack(0x0000000021130000,0x0000000021230000)]
  0x000000001c6a0000 JavaThread "Build operations" [_thread_blocked, id=12564, stack(0x00000000208c0000,0x00000000209c0000)]
  0x000000001c695800 JavaThread "Cache worker for cache directory md-rule (C:\Users\cabra\.gradle\caches\5.6.2\md-rule)" [_thread_blocked, id=11876, stack(0x00000000207c0000,0x00000000208c0000)]
  0x000000001c69c000 JavaThread "Cache worker for cache directory md-supplier (C:\Users\cabra\.gradle\caches\5.6.2\md-supplier)" [_thread_blocked, id=5252, stack(0x000000001dcf0000,0x000000001ddf0000)]
  0x000000001c694800 JavaThread "Cache worker for file hash cache (C:\Estudos\Flutter\widget_tests\widget_tests\android\.gradle\5.6.2\fileHashes)" [_thread_blocked, id=2604, stack(0x000000001b650000,0x000000001b750000)]
  0x000000001c69b800 JavaThread "Thread-38" [_thread_blocked, id=3144, stack(0x000000001b550000,0x000000001b650000)]
  0x000000001c69a000 JavaThread "Stdin handler" [_thread_blocked, id=6584, stack(0x000000001b450000,0x000000001b550000)]
  0x000000001c699000 JavaThread "Asynchronous log dispatcher for DefaultDaemonConnection: socket connection from /127.0.0.1:56654 to /127.0.0.1:61541" [_thread_blocked, id=7760, stack(0x000000001b150000,0x000000001b250000)]
  0x000000001c694000 JavaThread "Daemon worker Thread 2" [_thread_blocked, id=13728, stack(0x000000001ae50000,0x000000001af50000)]
  0x000000001c698800 JavaThread "Cancel handler" [_thread_blocked, id=13188, stack(0x00000000009c0000,0x0000000000ac0000)]
  0x000000001c697800 JavaThread "Handler for socket connection from /127.0.0.1:56654 to /127.0.0.1:61541" [_thread_in_native, id=12480, stack(0x00000000008c0000,0x00000000009c0000)]
  0x000000001c69a800 JavaThread "Daemon Thread 2" [_thread_blocked, id=14912, stack(0x00000000007c0000,0x00000000008c0000)]
  0x000000001c308800 JavaThread "Cache worker for file content cache (C:\Users\cabra\.gradle\caches\5.6.2\fileContent)" [_thread_blocked, id=8884, stack(0x0000000023f90000,0x0000000024090000)]
  0x000000001c308000 JavaThread "Memory manager" [_thread_blocked, id=14124, stack(0x0000000022630000,0x0000000022730000)]
  0x000000001c309800 JavaThread "Cache worker for execution history cache (C:\Users\cabra\.gradle\caches\5.6.2\executionHistory)" [_thread_blocked, id=10468, stack(0x00000000209c0000,0x0000000020ac0000)]
  0x0000000019a3c000 JavaThread "Cache worker for journal cache (C:\Users\cabra\.gradle\caches\journal-1)" [_thread_blocked, id=4152, stack(0x000000001b950000,0x000000001ba50000)]
  0x0000000019a3f000 JavaThread "File lock request listener" [_thread_in_native, id=6772, stack(0x000000001b850000,0x000000001b950000)]
  0x0000000019a3e800 JavaThread "Cache worker for file hash cache (C:\Users\cabra\.gradle\caches\5.6.2\fileHashes)" [_thread_blocked, id=3032, stack(0x000000001b750000,0x000000001b850000)]
  0x0000000019750800 JavaThread "Daemon periodic checks" [_thread_blocked, id=14788, stack(0x000000001ad50000,0x000000001ae50000)]
  0x000000001974c800 JavaThread "Incoming local TCP Connector on port 56654" [_thread_in_native, id=10260, stack(0x000000001ab10000,0x000000001ac10000)]
  0x0000000019701800 JavaThread "Daemon health stats" [_thread_blocked, id=1464, stack(0x000000001a4d0000,0x000000001a5d0000)]
  0x0000000017759000 JavaThread "Service Thread" daemon [_thread_blocked, id=7884, stack(0x0000000017b30000,0x0000000017c30000)]
  0x0000000015e2b000 JavaThread "C1 CompilerThread2" daemon [_thread_blocked, id=6016, stack(0x0000000017630000,0x0000000017730000)]
  0x0000000015e28000 JavaThread "C2 CompilerThread1" daemon [_thread_in_native, id=7744, stack(0x0000000017530000,0x0000000017630000)]
=>0x0000000015dd0800 JavaThread "C2 CompilerThread0" daemon [_thread_in_native, id=10316, stack(0x0000000017430000,0x0000000017530000)]
  0x0000000015dce800 JavaThread "Attach Listener" daemon [_thread_blocked, id=6756, stack(0x0000000017330000,0x0000000017430000)]
  0x0000000015dcd800 JavaThread "Signal Dispatcher" daemon [_thread_blocked, id=7336, stack(0x0000000017230000,0x0000000017330000)]
  0x000000000245c000 JavaThread "Finalizer" daemon [_thread_blocked, id=5496, stack(0x0000000017030000,0x0000000017130000)]
  0x0000000015db9000 JavaThread "Reference Handler" daemon [_thread_blocked, id=13684, stack(0x0000000016f30000,0x0000000017030000)]
  0x0000000002363000 JavaThread "main" [_thread_blocked, id=12108, stack(0x0000000002260000,0x0000000002360000)]

Other Threads:
  0x0000000015d95800 VMThread [stack: 0x0000000016e30000,0x0000000016f30000] [id=9656]
  0x000000001775a000 WatcherThread [stack: 0x0000000017c30000,0x0000000017d30000] [id=12088]

VM state:not at safepoint (normal execution)

VM Mutex/Monitor currently owned by a thread: None

heap address: 0x00000000a0000000, size: 1536 MB, Compressed Oops mode: 32-bit
Narrow klass base: 0x0000000000000000, Narrow klass shift: 3
Compressed class space size: 1073741824 Address: 0x0000000100000000

Heap:
 PSYoungGen      total 292352K, used 100144K [0x00000000e0000000, 0x00000000f4680000, 0x0000000100000000)
  eden space 265728K, 37% used [0x00000000e0000000,0x00000000e61cc218,0x00000000f0380000)
  from space 26624K, 0% used [0x00000000f2580000,0x00000000f2580000,0x00000000f3f80000)
  to   space 34304K, 0% used [0x00000000f0380000,0x00000000f0380000,0x00000000f2500000)
 ParOldGen       total 209408K, used 50657K [0x00000000a0000000, 0x00000000acc80000, 0x00000000e0000000)
  object space 209408K, 24% used [0x00000000a0000000,0x00000000a3178590,0x00000000acc80000)
 Metaspace       used 82125K, capacity 85382K, committed 85928K, reserved 1124352K
  class space    used 10783K, capacity 11539K, committed 11696K, reserved 1048576K

Card table byte_map: [0x0000000011820000,0x0000000011b30000] byte_map_base: 0x0000000011320000

Marking Bits: (ParMarkBitMap*) 0x000000005ee49f30
 Begin Bits: [0x0000000012130000, 0x0000000013930000)
 End Bits:   [0x0000000013930000, 0x0000000015130000)

Polling page: 0x00000000005d0000

CodeCache: size=245760Kb used=38152Kb max_used=38165Kb free=207607Kb
 bounds [0x0000000002460000, 0x00000000049d0000, 0x0000000011460000]
 total_blobs=12198 nmethods=11322 adapters=788
 compilation: enabled

Compilation events (10 events):
Event: 4163.655 Thread 0x0000000015e2b000 13204       3       org.objectweb.asm.SymbolTable::addConstantInteger (7 bytes)
Event: 4163.655 Thread 0x0000000015e2b000 nmethod 13204 0x000000000498d490 code [0x000000000498d600, 0x000000000498d788]
Event: 4163.669 Thread 0x0000000015e28000 nmethod 13205 0x00000000049cc450 code [0x00000000049cc5e0, 0x00000000049cce98]
Event: 4163.744 Thread 0x0000000015e28000 13206       4       org.objectweb.asm.ClassVisitor::<init> (66 bytes)
Event: 4163.745 Thread 0x0000000015e28000 nmethod 13206 0x0000000004991c10 code [0x0000000004991d40, 0x0000000004991dd8]
Event: 4163.745 Thread 0x0000000015e28000 13207       4       org.objectweb.asm.ByteVector::enlarge (51 bytes)
Event: 4163.747 Thread 0x0000000015e28000 nmethod 13207 0x000000000499d310 code [0x000000000499d460, 0x000000000499d658]
Event: 4163.750 Thread 0x0000000015e28000 13208       4       org.objectweb.asm.SymbolTable::addConstantIntegerOrFloat (100 bytes)
Event: 4163.761 Thread 0x0000000015e28000 nmethod 13208 0x000000000498c450 code [0x000000000498c5e0, 0x000000000498ce38]
Event: 4163.779 Thread 0x0000000015e28000 13209       4       org.gradle.api.internal.tasks.compile.ApiMemberSelector::visitEnd (294 bytes)

GC Heap History (10 events):
Event: 43.729 GC heap before
{Heap before GC invocations=14 (full 3):
 PSYoungGen      total 248320K, used 228864K [0x00000000e0000000, 0x00000000f1900000, 0x0000000100000000)
  eden space 228864K, 100% used [0x00000000e0000000,0x00000000edf80000,0x00000000edf80000)
  from space 19456K, 0% used [0x00000000ef580000,0x00000000ef580000,0x00000000f0880000)
  to   space 22528K, 0% used [0x00000000edf80000,0x00000000edf80000,0x00000000ef580000)
 ParOldGen       total 209408K, used 36280K [0x00000000a0000000, 0x00000000acc80000, 0x00000000e0000000)
  object space 209408K, 17% used [0x00000000a0000000,0x00000000a236e130,0x00000000acc80000)
 Metaspace       used 66265K, capacity 68694K, committed 68776K, reserved 1107968K
  class space    used 9057K, capacity 9570K, committed 9648K, reserved 1048576K
Event: 43.752 GC heap after
Heap after GC invocations=14 (full 3):
 PSYoungGen      total 251392K, used 20440K [0x00000000e0000000, 0x00000000f4400000, 0x0000000100000000)
  eden space 228864K, 0% used [0x00000000e0000000,0x00000000e0000000,0x00000000edf80000)
  from space 22528K, 90% used [0x00000000edf80000,0x00000000ef3762a0,0x00000000ef580000)
  to   space 24576K, 0% used [0x00000000f2c00000,0x00000000f2c00000,0x00000000f4400000)
 ParOldGen       total 209408K, used 36288K [0x00000000a0000000, 0x00000000acc80000, 0x00000000e0000000)
  object space 209408K, 17% used [0x00000000a0000000,0x00000000a2370130,0x00000000acc80000)
 Metaspace       used 66265K, capacity 68694K, committed 68776K, reserved 1107968K
  class space    used 9057K, capacity 9570K, committed 9648K, reserved 1048576K
}
Event: 4118.209 GC heap before
{Heap before GC invocations=15 (full 3):
 PSYoungGen      total 251392K, used 249304K [0x00000000e0000000, 0x00000000f4400000, 0x0000000100000000)
  eden space 228864K, 100% used [0x00000000e0000000,0x00000000edf80000,0x00000000edf80000)
  from space 22528K, 90% used [0x00000000edf80000,0x00000000ef3762a0,0x00000000ef580000)
  to   space 24576K, 0% used [0x00000000f2c00000,0x00000000f2c00000,0x00000000f4400000)
 ParOldGen       total 209408K, used 36288K [0x00000000a0000000, 0x00000000acc80000, 0x00000000e0000000)
  object space 209408K, 17% used [0x00000000a0000000,0x00000000a2370130,0x00000000acc80000)
 Metaspace       used 72104K, capacity 74880K, committed 75048K, reserved 1114112K
  class space    used 9641K, capacity 10247K, committed 10288K, reserved 1048576K
Event: 4118.240 GC heap after
Heap after GC invocations=15 (full 3):
 PSYoungGen      total 293376K, used 19036K [0x00000000e0000000, 0x00000000f3f00000, 0x0000000100000000)
  eden space 273920K, 0% used [0x00000000e0000000,0x00000000e0000000,0x00000000f0b80000)
  from space 19456K, 97% used [0x00000000f2c00000,0x00000000f3e97380,0x00000000f3f00000)
  to   space 26112K, 0% used [0x00000000f0c00000,0x00000000f0c00000,0x00000000f2580000)
 ParOldGen       total 209408K, used 36296K [0x00000000a0000000, 0x00000000acc80000, 0x00000000e0000000)
  object space 209408K, 17% used [0x00000000a0000000,0x00000000a2372130,0x00000000acc80000)
 Metaspace       used 72104K, capacity 74880K, committed 75048K, reserved 1114112K
  class space    used 9641K, capacity 10247K, committed 10288K, reserved 1048576K
}
Event: 4136.046 GC heap before
{Heap before GC invocations=16 (full 3):
 PSYoungGen      total 293376K, used 292956K [0x00000000e0000000, 0x00000000f3f00000, 0x0000000100000000)
  eden space 273920K, 100% used [0x00000000e0000000,0x00000000f0b80000,0x00000000f0b80000)
  from space 19456K, 97% used [0x00000000f2c00000,0x00000000f3e97380,0x00000000f3f00000)
  to   space 26112K, 0% used [0x00000000f0c00000,0x00000000f0c00000,0x00000000f2580000)
 ParOldGen       total 209408K, used 36296K [0x00000000a0000000, 0x00000000acc80000, 0x00000000e0000000)
  object space 209408K, 17% used [0x00000000a0000000,0x00000000a2372130,0x00000000acc80000)
 Metaspace       used 78973K, capacity 82292K, committed 82472K, reserved 1120256K
  class space    used 10314K, capacity 11039K, committed 11056K, reserved 1048576K
Event: 4136.080 GC heap after
Heap after GC invocations=16 (full 3):
 PSYoungGen      total 291840K, used 26107K [0x00000000e0000000, 0x00000000f3f80000, 0x0000000100000000)
  eden space 265728K, 0% used [0x00000000e0000000,0x00000000e0000000,0x00000000f0380000)
  from space 26112K, 99% used [0x00000000f0c00000,0x00000000f257ee70,0x00000000f2580000)
  to   space 26624K, 0% used [0x00000000f2580000,0x00000000f2580000,0x00000000f3f80000)
 ParOldGen       total 209408K, used 40578K [0x00000000a0000000, 0x00000000acc80000, 0x00000000e0000000)
  object space 209408K, 19% used [0x00000000a0000000,0x00000000a27a0868,0x00000000acc80000)
 Metaspace       used 78973K, capacity 82292K, committed 82472K, reserved 1120256K
  class space    used 10314K, capacity 11039K, committed 11056K, reserved 1048576K
}
Event: 4140.333 GC heap before
{Heap before GC invocations=17 (full 3):
 PSYoungGen      total 291840K, used 96925K [0x00000000e0000000, 0x00000000f3f80000, 0x0000000100000000)
  eden space 265728K, 26% used [0x00000000e0000000,0x00000000e4528948,0x00000000f0380000)
  from space 26112K, 99% used [0x00000000f0c00000,0x00000000f257ee70,0x00000000f2580000)
  to   space 26624K, 0% used [0x00000000f2580000,0x00000000f2580000,0x00000000f3f80000)
 ParOldGen       total 209408K, used 40578K [0x00000000a0000000, 0x00000000acc80000, 0x00000000e0000000)
  object space 209408K, 19% used [0x00000000a0000000,0x00000000a27a0868,0x00000000acc80000)
 Metaspace       used 82006K, capacity 85460K, committed 85544K, reserved 1124352K
  class space    used 10789K, capacity 11564K, committed 11568K, reserved 1048576K
Event: 4140.364 GC heap after
Heap after GC invocations=17 (full 3):
 PSYoungGen      total 292352K, used 26593K [0x00000000e0000000, 0x00000000f4680000, 0x0000000100000000)
  eden space 265728K, 0% used [0x00000000e0000000,0x00000000e0000000,0x00000000f0380000)
  from space 26624K, 99% used [0x00000000f2580000,0x00000000f3f784f8,0x00000000f3f80000)
  to   space 34304K, 0% used [0x00000000f0380000,0x00000000f0380000,0x00000000f2500000)
 ParOldGen       total 209408K, used 42393K [0x00000000a0000000, 0x00000000acc80000, 0x00000000e0000000)
  object space 209408K, 20% used [0x00000000a0000000,0x00000000a29666f0,0x00000000acc80000)
 Metaspace       used 82006K, capacity 85460K, committed 85544K, reserved 1124352K
  class space    used 10789K, capacity 11564K, committed 11568K, reserved 1048576K
}
Event: 4140.364 GC heap before
{Heap before GC invocations=18 (full 4):
 PSYoungGen      total 292352K, used 26593K [0x00000000e0000000, 0x00000000f4680000, 0x0000000100000000)
  eden space 265728K, 0% used [0x00000000e0000000,0x00000000e0000000,0x00000000f0380000)
  from space 26624K, 99% used [0x00000000f2580000,0x00000000f3f784f8,0x00000000f3f80000)
  to   space 34304K, 0% used [0x00000000f0380000,0x00000000f0380000,0x00000000f2500000)
 ParOldGen       total 209408K, used 42393K [0x00000000a0000000, 0x00000000acc80000, 0x00000000e0000000)
  object space 209408K, 20% used [0x00000000a0000000,0x00000000a29666f0,0x00000000acc80000)
 Metaspace       used 82006K, capacity 85460K, committed 85544K, reserved 1124352K
  class space    used 10789K, capacity 11564K, committed 11568K, reserved 1048576K
Event: 4140.804 GC heap after
Heap after GC invocations=18 (full 4):
 PSYoungGen      total 292352K, used 0K [0x00000000e0000000, 0x00000000f4680000, 0x0000000100000000)
  eden space 265728K, 0% used [0x00000000e0000000,0x00000000e0000000,0x00000000f0380000)
  from space 26624K, 0% used [0x00000000f2580000,0x00000000f2580000,0x00000000f3f80000)
  to   space 34304K, 0% used [0x00000000f0380000,0x00000000f0380000,0x00000000f2500000)
 ParOldGen       total 209408K, used 50657K [0x00000000a0000000, 0x00000000acc80000, 0x00000000e0000000)
  object space 209408K, 24% used [0x00000000a0000000,0x00000000a3178590,0x00000000acc80000)
 Metaspace       used 81833K, capacity 85080K, committed 85544K, reserved 1124352K
  class space    used 10748K, capacity 11466K, committed 11568K, reserved 1048576K
}

Deoptimization events (10 events):
Event: 4162.052 Thread 0x000000001c307000 Uncommon trap: reason=unstable_if action=reinterpret pc=0x000000000379d45c method=org.objectweb.asm.MethodWriter.visitMaxs(II)V @ 20
Event: 4162.220 Thread 0x000000001c307000 Uncommon trap: reason=unstable_if action=reinterpret pc=0x0000000002e91684 method=org.objectweb.asm.AnnotationWriter.computeAnnotationsSize(Lorg/objectweb/asm/AnnotationWriter;Lorg/objectweb/asm/AnnotationWriter;Lorg/objectweb/asm/AnnotationWriter;Lorg/ob
Event: 4162.220 Thread 0x000000001c307000 Uncommon trap: reason=unstable_if action=reinterpret pc=0x00000000028a423c method=org.objectweb.asm.AnnotationWriter.putAnnotations(Lorg/objectweb/asm/SymbolTable;Lorg/objectweb/asm/AnnotationWriter;Lorg/objectweb/asm/AnnotationWriter;Lorg/objectweb/asm/A
Event: 4163.075 Thread 0x000000001c307000 Uncommon trap: reason=class_check action=maybe_recompile pc=0x0000000004973608 method=org.objectweb.asm.ClassReader.readCode(Lorg/objectweb/asm/MethodVisitor;Lorg/objectweb/asm/Context;I)V @ 3875
Event: 4163.076 Thread 0x000000001c307000 Uncommon trap: reason=unstable_if action=reinterpret pc=0x0000000003083d4c method=org.objectweb.asm.ByteVector.putUTF8(Ljava/lang/String;)Lorg/objectweb/asm/ByteVector; @ 100
Event: 4163.076 Thread 0x000000001c307000 Uncommon trap: reason=unstable_if action=reinterpret pc=0x000000000308c994 method=org.objectweb.asm.ByteVector.putUTF8(Ljava/lang/String;)Lorg/objectweb/asm/ByteVector; @ 100
Event: 4163.076 Thread 0x000000001c307000 Uncommon trap: reason=unstable_if action=reinterpret pc=0x0000000002ac4ef4 method=org.objectweb.asm.ByteVector.putUTF8(Ljava/lang/String;)Lorg/objectweb/asm/ByteVector; @ 100
Event: 4163.360 Thread 0x000000001c307000 Uncommon trap: reason=class_check action=maybe_recompile pc=0x0000000004973608 method=org.objectweb.asm.ClassReader.readCode(Lorg/objectweb/asm/MethodVisitor;Lorg/objectweb/asm/Context;I)V @ 3875
Event: 4163.619 Thread 0x000000001c307000 Uncommon trap: reason=class_check action=maybe_recompile pc=0x0000000004973608 method=org.objectweb.asm.ClassReader.readCode(Lorg/objectweb/asm/MethodVisitor;Lorg/objectweb/asm/Context;I)V @ 3875
Event: 4163.652 Thread 0x000000001c307000 Uncommon trap: reason=unstable_if action=reinterpret pc=0x0000000004997750 method=org.objectweb.asm.SymbolTable.addConstant(Ljava/lang/Object;)Lorg/objectweb/asm/Symbol; @ 145

Classes redefined (0 events):
No events

Internal exceptions (10 events):
Event: 4140.233 Thread 0x000000001c307000 Exception <a 'java/lang/NoSuchMethodError': <clinit>> (0x00000000e4090600) thrown at [D:\src\AOSP-openjdk-cygwin\jdk8u\hotspot\src\share\vm\prims\jni.cpp, line 1614]
Event: 4140.234 Thread 0x000000001c307000 Exception <a 'java/lang/NoSuchMethodError': <clinit>> (0x00000000e409e680) thrown at [D:\src\AOSP-openjdk-cygwin\jdk8u\hotspot\src\share\vm\prims\jni.cpp, line 1614]
Event: 4140.235 Thread 0x000000001c307000 Exception <a 'java/lang/NoSuchMethodError': <clinit>> (0x00000000e40b2c08) thrown at [D:\src\AOSP-openjdk-cygwin\jdk8u\hotspot\src\share\vm\prims\jni.cpp, line 1614]
Event: 4140.246 Thread 0x000000001c307000 Exception <a 'java/lang/NoSuchMethodError': <clinit>> (0x00000000e40e8ee0) thrown at [D:\src\AOSP-openjdk-cygwin\jdk8u\hotspot\src\share\vm\prims\jni.cpp, line 1614]
Event: 4140.276 Thread 0x000000001c307000 Exception <a 'java/lang/NoSuchMethodError': <clinit>> (0x00000000e424a858) thrown at [D:\src\AOSP-openjdk-cygwin\jdk8u\hotspot\src\share\vm\prims\jni.cpp, line 1614]
Event: 4140.290 Thread 0x000000001c307000 Exception <a 'java/lang/NoSuchMethodError': <clinit>> (0x00000000e4327938) thrown at [D:\src\AOSP-openjdk-cygwin\jdk8u\hotspot\src\share\vm\prims\jni.cpp, line 1614]
Event: 4161.927 Thread 0x000000001c307000 Exception <a 'java/lang/NoSuchMethodError': <clinit>> (0x00000000e0811de0) thrown at [D:\src\AOSP-openjdk-cygwin\jdk8u\hotspot\src\share\vm\prims\jni.cpp, line 1614]
Event: 4161.928 Thread 0x000000001c307000 Exception <a 'java/lang/NoSuchMethodError': <clinit>> (0x00000000e08247d8) thrown at [D:\src\AOSP-openjdk-cygwin\jdk8u\hotspot\src\share\vm\prims\jni.cpp, line 1614]
Event: 4161.950 Thread 0x000000001c315800 Exception <a 'sun/nio/fs/WindowsException'> (0x00000000e097d9d0) thrown at [D:\src\AOSP-openjdk-cygwin\jdk8u\hotspot\src\share\vm\prims\jni.cpp, line 710]
Event: 4162.045 Thread 0x000000001c307000 Implicit null exception at 0x000000000338b6ac to 0x0000000003392e55

Events (10 events):
Event: 4163.360 Thread 0x000000001c307000 DEOPT PACKING pc=0x0000000004973608 sp=0x0000000023f5cac0
Event: 4163.360 Thread 0x000000001c307000 DEOPT UNPACKING pc=0x00000000024a557b sp=0x0000000023f5ca30 mode 2
Event: 4163.369 Thread 0x000000001c307000 DEOPT PACKING pc=0x0000000003b9969c sp=0x0000000023f5d0d0
Event: 4163.369 Thread 0x000000001c307000 DEOPT UNPACKING pc=0x00000000024a75d0 sp=0x0000000023f5ce28 mode 0
Event: 4163.619 Thread 0x000000001c307000 Uncommon trap: trap_request=0xffffffde fr.pc=0x0000000004973608
Event: 4163.619 Thread 0x000000001c307000 DEOPT PACKING pc=0x0000000004973608 sp=0x0000000023f5cb90
Event: 4163.619 Thread 0x000000001c307000 DEOPT UNPACKING pc=0x00000000024a557b sp=0x0000000023f5cb00 mode 2
Event: 4163.652 Thread 0x000000001c307000 Uncommon trap: trap_request=0xffffff65 fr.pc=0x0000000004997750
Event: 4163.652 Thread 0x000000001c307000 DEOPT PACKING pc=0x0000000004997750 sp=0x0000000023f5cb00
Event: 4163.652 Thread 0x000000001c307000 DEOPT UNPACKING pc=0x00000000024a557b sp=0x0000000023f5cb08 mode 2


Dynamic libraries:
0x00007ff7bafc0000 - 0x00007ff7baff1000 	C:\Program Files\Android\Android Studio\jre\bin\java.exe
0x00007ffbfb8e0000 - 0x00007ffbfbad0000 	C:\Windows\SYSTEM32\ntdll.dll
0x00007ffbfa3f0000 - 0x00007ffbfa4a2000 	C:\Windows\System32\KERNEL32.DLL
0x00007ffbf8840000 - 0x00007ffbf8ae3000 	C:\Windows\System32\KERNELBASE.dll
0x00007ffbfb1c0000 - 0x00007ffbfb263000 	C:\Windows\System32\ADVAPI32.dll
0x00007ffbfa350000 - 0x00007ffbfa3ee000 	C:\Windows\System32\msvcrt.dll
0x00007ffbfa4f0000 - 0x00007ffbfa587000 	C:\Windows\System32\sechost.dll
0x00007ffbfa980000 - 0x00007ffbfaaa0000 	C:\Windows\System32\RPCRT4.dll
0x00007ffbfab00000 - 0x00007ffbfac94000 	C:\Windows\System32\USER32.dll
0x00007ffbf98d0000 - 0x00007ffbf98f1000 	C:\Windows\System32\win32u.dll
0x00007ffbfa4c0000 - 0x00007ffbfa4e6000 	C:\Windows\System32\GDI32.dll
0x00007ffbf8f60000 - 0x00007ffbf90f4000 	C:\Windows\System32\gdi32full.dll
0x00007ffbf8dc0000 - 0x00007ffbf8e5e000 	C:\Windows\System32\msvcp_win.dll
0x00007ffbf8e60000 - 0x00007ffbf8f5a000 	C:\Windows\System32\ucrtbase.dll
0x00007ffbe7fe0000 - 0x00007ffbe8265000 	C:\Windows\WinSxS\amd64_microsoft.windows.common-controls_6595b64144ccf1df_6.0.18362.535_none_e6c3b34713100821\COMCTL32.dll
0x00007ffbfb530000 - 0x00007ffbfb866000 	C:\Windows\System32\combase.dll
0x00007ffbf8d40000 - 0x00007ffbf8dc0000 	C:\Windows\System32\bcryptPrimitives.dll
0x00007ffbfad20000 - 0x00007ffbfad4e000 	C:\Windows\System32\IMM32.DLL
0x000000005eed0000 - 0x000000005efa2000 	C:\Program Files\Android\Android Studio\jre\jre\bin\msvcr100.dll
0x000000005e680000 - 0x000000005eec6000 	C:\Program Files\Android\Android Studio\jre\jre\bin\server\jvm.dll
0x00007ffbfa590000 - 0x00007ffbfa598000 	C:\Windows\System32\PSAPI.DLL
0x00007ffbe7040000 - 0x00007ffbe7049000 	C:\Windows\SYSTEM32\WSOCK32.dll
0x00007ffbfa890000 - 0x00007ffbfa8ff000 	C:\Windows\System32\WS2_32.dll
0x00007ffbf52f0000 - 0x00007ffbf5314000 	C:\Windows\SYSTEM32\WINMM.dll
0x00007ffbf0e00000 - 0x00007ffbf0e0a000 	C:\Windows\SYSTEM32\VERSION.dll
0x00007ffbf52b0000 - 0x00007ffbf52dd000 	C:\Windows\SYSTEM32\WINMMBASE.dll
0x00007ffbf8cf0000 - 0x00007ffbf8d3a000 	C:\Windows\System32\cfgmgr32.dll
0x00007ffbe94a0000 - 0x00007ffbe94af000 	C:\Program Files\Android\Android Studio\jre\jre\bin\verify.dll
0x00007ffbe9080000 - 0x00007ffbe90a9000 	C:\Program Files\Android\Android Studio\jre\jre\bin\java.dll
0x00007ffbe9480000 - 0x00007ffbe9496000 	C:\Program Files\Android\Android Studio\jre\jre\bin\zip.dll
0x00007ffbf9b00000 - 0x00007ffbfa1e5000 	C:\Windows\System32\SHELL32.dll
0x00007ffbfb480000 - 0x00007ffbfb529000 	C:\Windows\System32\shcore.dll
0x00007ffbf9130000 - 0x00007ffbf98af000 	C:\Windows\System32\windows.storage.dll
0x00007ffbf87b0000 - 0x00007ffbf87cf000 	C:\Windows\System32\profapi.dll
0x00007ffbf87f0000 - 0x00007ffbf883a000 	C:\Windows\System32\powrprof.dll
0x00007ffbf8780000 - 0x00007ffbf8790000 	C:\Windows\System32\UMPDC.dll
0x00007ffbfb400000 - 0x00007ffbfb452000 	C:\Windows\System32\shlwapi.dll
0x00007ffbf8790000 - 0x00007ffbf87a1000 	C:\Windows\System32\kernel.appcore.dll
0x00007ffbf98b0000 - 0x00007ffbf98c7000 	C:\Windows\System32\cryptsp.dll
0x00007ffbe8ed0000 - 0x00007ffbe8eea000 	C:\Program Files\Android\Android Studio\jre\jre\bin\net.dll
0x00007ffbf7ff0000 - 0x00007ffbf8057000 	C:\Windows\system32\mswsock.dll
0x00007ffbe8eb0000 - 0x00007ffbe8ec1000 	C:\Program Files\Android\Android Studio\jre\jre\bin\nio.dll
0x00007ffbd6c20000 - 0x00007ffbd6c46000 	C:\Users\cabra\.gradle\native\30\windows-amd64\native-platform.dll
0x00007ffbe9070000 - 0x00007ffbe907d000 	C:\Program Files\Android\Android Studio\jre\jre\bin\management.dll
0x00007ffbf7b60000 - 0x00007ffbf7b93000 	C:\Windows\system32\rsaenh.dll
0x00007ffbf9100000 - 0x00007ffbf9126000 	C:\Windows\System32\bcrypt.dll
0x00007ffbf86a0000 - 0x00007ffbf86c5000 	C:\Windows\SYSTEM32\USERENV.dll
0x00007ffbf81c0000 - 0x00007ffbf81cc000 	C:\Windows\SYSTEM32\CRYPTBASE.dll
0x00007ffbf7d00000 - 0x00007ffbf7d3a000 	C:\Windows\SYSTEM32\IPHLPAPI.DLL
0x00007ffbfa4b0000 - 0x00007ffbfa4b8000 	C:\Windows\System32\NSI.dll
0x00007ffbefbd0000 - 0x00007ffbefbe6000 	C:\Windows\SYSTEM32\dhcpcsvc6.DLL
0x00007ffbefaf0000 - 0x00007ffbefb0c000 	C:\Windows\SYSTEM32\dhcpcsvc.DLL
0x00007ffbf7d40000 - 0x00007ffbf7e0a000 	C:\Windows\SYSTEM32\DNSAPI.dll
0x00007ffbf2080000 - 0x00007ffbf209e000 	C:\Users\cabra\AppData\Local\Temp\native-platform443353933897880503dir\native-platform.dll

VM Arguments:
jvm_args: -Xmx1536M -Dfile.encoding=windows-1252 -Duser.country=US -Duser.language=en -Duser.variant 
java_command: org.gradle.launcher.daemon.bootstrap.GradleDaemon 5.6.2
java_class_path (initial): C:\Users\cabra\.gradle\wrapper\dists\gradle-5.6.2-all\9st6wgf78h16so49nn74lgtbb\gradle-5.6.2\lib\gradle-launcher-5.6.2.jar
Launcher Type: SUN_STANDARD

Environment Variables:
JAVA_HOME=C:\Program Files\Android\Android Studio\jre
CLASSPATH=C:\Estudos\Flutter\widget_tests\widget_tests\android\\gradle\wrapper\gradle-wrapper.jar
PATH=C:\Program Files\Microsoft MPI\Bin\;C:\Windows\system32;C:\Windows;C:\Windows\System32\Wbem;C:\Windows\System32\WindowsPowerShell\v1.0\;C:\Windows\System32\OpenSSH\;C:\Program Files (x86)\Microsoft SQL Server\Client SDK\ODBC\130\Tools\Binn\;C:\Program Files (x86)\Microsoft SQL Server\140\Tools\Binn\;C:\Program Files (x86)\Microsoft SQL Server\140\DTS\Binn\;C:\Program Files (x86)\Microsoft SQL Server\140\Tools\Binn\ManagementStudio\;C:\Program Files\Microsoft SQL Server\140\Tools\Binn\;C:\Program Files\Microsoft SQL Server\140\DTS\Binn\;C:\Program Files\Microsoft SQL Server\Client SDK\ODBC\130\Tools\Binn\;C:\Program Files\Microsoft VS Code\bin;C:\Program Files\dotnet\;C:\Program Files\Git\cmd;C:\Program Files\Microsoft SQL Server\130\Tools\Binn\;C:\Program Files\Microsoft SQL Server\Client SDK\ODBC\170\Tools\Binn\;C:\Program Files (x86)\MySQL\MySQL Server 5.0\bin;C:\Users\cabra\AppData\Local\Microsoft\WindowsApps;C:\Users\cabra\AppData\Local\Programs\Microsoft VS Code\bin;C:\src\flutter\bin;;C:\src\flutter\bin\mingit\cmd
USERNAME=Kaique-Cabral
OS=Windows_NT
PROCESSOR_IDENTIFIER=Intel64 Family 6 Model 142 Stepping 9, GenuineIntel



---------------  S Y S T E M  ---------------

OS: Windows 10.0 , 64 bit Build 18362 (10.0.18362.329)

CPU:total 4 (initial active 4) (2 cores per cpu, 2 threads per core) family 6 model 142 stepping 9, cmov, cx8, fxsr, mmx, sse, sse2, sse3, ssse3, sse4.1, sse4.2, popcnt, avx, avx2, aes, clmul, erms, 3dnowpref, lzcnt, ht, tsc, tscinvbit, bmi1, bmi2, adx

Memory: 4k page, physical 16673248k(3427868k free), swap 16673248k(5812k free)

vm_info: OpenJDK 64-Bit Server VM (25.202-b03) for windows-amd64 JRE (1.8.0_202-release-1483-b03), built by "builder" with MS VC++ 10.0 (VS2010)

time: Wed Jan 01 23:09:51 2020
timezone: E. South America Standard Time
elapsed time: 4163 seconds (0d 1h 9m 23s)

